2025-12-19T19:30:26+00:00 START index.php
2025-12-19T19:30:26+00:00 autoload require
2025-12-19T19:30:26+00:00 bootstrap app require
2025-12-19T19:30:26+00:00 make kernel
2025-12-19T19:30:26+00:00 capture request
2025-12-19T19:30:26+00:00 handle request
2025-12-19T19:30:26+00:00 send response
2025-12-19T19:30:26+00:00 terminate
2025-12-19T19:30:26+00:00 DONE ok
2025-12-19T19:30:58+00:00 START index.php
2025-12-19T19:30:58+00:00 autoload require
2025-12-19T19:30:58+00:00 bootstrap app require
2025-12-19T19:30:58+00:00 make kernel
2025-12-19T19:30:58+00:00 capture request
2025-12-19T19:30:58+00:00 handle request
2025-12-19T19:30:58+00:00 send response
2025-12-19T19:30:58+00:00 terminate
2025-12-19T19:30:58+00:00 DONE ok
2025-12-19T19:30:58+00:00 START index.php
2025-12-19T19:30:58+00:00 autoload require
2025-12-19T19:30:58+00:00 bootstrap app require
2025-12-19T19:30:58+00:00 make kernel
2025-12-19T19:30:58+00:00 capture request
2025-12-19T19:30:58+00:00 handle request
2025-12-19T19:30:58+00:00 send response
2025-12-19T19:30:58+00:00 terminate
2025-12-19T19:30:58+00:00 DONE ok
2025-12-19T19:34:43+00:00 START index.php
2025-12-19T19:34:43+00:00 autoload require
2025-12-19T19:34:43+00:00 bootstrap app require
2025-12-19T19:34:43+00:00 make kernel
2025-12-19T19:34:43+00:00 capture request
2025-12-19T19:34:43+00:00 handle request
2025-12-19T19:34:43+00:00 send response
2025-12-19T19:34:43+00:00 terminate
2025-12-19T19:34:43+00:00 DONE ok
2025-12-19T19:35:11+00:00 START index.php
2025-12-19T19:35:11+00:00 autoload require
2025-12-19T19:35:11+00:00 bootstrap app require
2025-12-19T19:35:11+00:00 make kernel
2025-12-19T19:35:11+00:00 capture request
2025-12-19T19:35:11+00:00 handle request
2025-12-19T19:35:11+00:00 send response
2025-12-19T19:35:11+00:00 terminate
2025-12-19T19:35:11+00:00 DONE ok
2025-12-19T19:35:11+00:00 START index.php
2025-12-19T19:35:11+00:00 autoload require
2025-12-19T19:35:11+00:00 bootstrap app require
2025-12-19T19:35:11+00:00 make kernel
2025-12-19T19:35:11+00:00 capture request
2025-12-19T19:35:11+00:00 handle request
2025-12-19T19:35:11+00:00 send response
2025-12-19T19:35:11+00:00 terminate
2025-12-19T19:35:11+00:00 DONE ok
2025-12-19T19:35:25+00:00 START index.php
2025-12-19T19:35:25+00:00 autoload require
2025-12-19T19:35:25+00:00 bootstrap app require
2025-12-19T19:35:25+00:00 make kernel
2025-12-19T19:35:25+00:00 capture request
2025-12-19T19:35:25+00:00 handle request
2025-12-19T19:35:25+00:00 send response
2025-12-19T19:35:25+00:00 terminate
2025-12-19T19:35:25+00:00 DONE ok
2025-12-19T19:35:25+00:00 START index.php
2025-12-19T19:35:25+00:00 autoload require
2025-12-19T19:35:25+00:00 bootstrap app require
2025-12-19T19:35:25+00:00 make kernel
2025-12-19T19:35:25+00:00 capture request
2025-12-19T19:35:25+00:00 handle request
2025-12-19T19:35:26+00:00 send response
2025-12-19T19:35:26+00:00 terminate
2025-12-19T19:35:26+00:00 DONE ok
2025-12-19T19:36:11+00:00 START index.php
2025-12-19T19:36:11+00:00 autoload require
2025-12-19T19:36:11+00:00 bootstrap app require
2025-12-19T19:36:11+00:00 make kernel
2025-12-19T19:36:11+00:00 capture request
2025-12-19T19:36:11+00:00 handle request
2025-12-19T19:36:12+00:00 send response
2025-12-19T19:36:12+00:00 terminate
2025-12-19T19:36:12+00:00 DONE ok
2025-12-19T19:36:12+00:00 START index.php
2025-12-19T19:36:12+00:00 autoload require
2025-12-19T19:36:12+00:00 bootstrap app require
2025-12-19T19:36:12+00:00 make kernel
2025-12-19T19:36:12+00:00 capture request
2025-12-19T19:36:12+00:00 handle request
2025-12-19T19:36:12+00:00 send response
2025-12-19T19:36:12+00:00 terminate
2025-12-19T19:36:12+00:00 DONE ok
2025-12-19T19:36:49+00:00 START index.php
2025-12-19T19:36:49+00:00 autoload require
2025-12-19T19:36:49+00:00 bootstrap app require
2025-12-19T19:36:49+00:00 make kernel
2025-12-19T19:36:49+00:00 capture request
2025-12-19T19:36:49+00:00 handle request
2025-12-19T19:36:49+00:00 send response
2025-12-19T19:36:49+00:00 terminate
2025-12-19T19:36:49+00:00 DONE ok
2025-12-19T19:36:49+00:00 START index.php
2025-12-19T19:36:49+00:00 autoload require
2025-12-19T19:36:49+00:00 bootstrap app require
2025-12-19T19:36:49+00:00 make kernel
2025-12-19T19:36:49+00:00 capture request
2025-12-19T19:36:49+00:00 handle request
2025-12-19T19:36:49+00:00 send response
2025-12-19T19:36:49+00:00 terminate
2025-12-19T19:36:49+00:00 DONE ok
